[2026-05-04 14:15:32] [TRACE]   [OmnipathR] Reading JSON from `C:\Users\jns822\AppData\Local\Cache\OmnipathR/cache.json` (encoding: UTF-8).
[2026-05-04 14:15:32] [TRACE]   [OmnipathR] JSON validation successful: TRUE
[2026-05-04 14:15:32] [INFO]    [OmnipathR] Initialized cache: `C:\Users\jns822\AppData\Local\Cache\OmnipathR`.
[2026-05-04 14:15:32] [INFO]    [OmnipathR] Package `OmnipathR` packaged: 2026-01-30 01:23:45 UTC; biocbuild
[2026-05-04 14:15:32] [INFO]    [OmnipathR] Package `OmnipathR` date/publication: 2026-01-29
[2026-05-04 14:15:32] [INFO]    [OmnipathR] Package `OmnipathR` built: R 4.5.2; ; 2026-05-04 11:35:11 UTC; windows
[2026-05-04 14:15:32] [INFO]    [OmnipathR] Package `OmnipathR` version: 3.18.4
[2026-05-04 14:15:32] [INFO]    [OmnipathR] Package `OmnipathR` repository: Bioconductor 3.22
[2026-05-04 14:15:50] [INFO]    [OmnipathR] Session info: [version=R version 4.5.2 (2025-10-31 ucrt); os=Windows 11 x64 (build 26200); system=x86_64, mingw32; ui=RStudio; language=(EN); collate=English_United States.utf8; ctype=English_United States.utf8; tz=Europe/Copenhagen; date=2026-05-04; rstudio=2025.09.2+418 Cucumberleaf Sunflower (desktop); pandoc=3.6.3 @ C:/Program Files/RStudio/resources/app/bin/quarto/bin/tools/ (via rmarkdown); quarto=ERROR: Unknown command "TMPDIR=C:/Users/jns822/AppData/Local/Temp/RtmpcJRupi/file457826493bbc". Did you mean command "install"? @ C:\PROGRA~1\RStudio\RESOUR~1\app\bin\quarto\bin\quarto.exe]
[2026-05-04 14:15:51] [INFO]    [OmnipathR] External libraries: [cairo=1.18.4; cairoFT=; pango=; png=1.6.50; jpeg=9.6; tiff=LIBTIFF, Version 4.7.1; tcl=8.6.17; curl=8.16.0; zlib=1.3.1; bzlib=1.0.8, 13-Jul-2019; xz=5.8.1; deflate=1.24; PCRE=10.46 2025-08-27; ICU=77.1; TRE=TRE 0.8.0 R_fixes (BSD); iconv=win_iconv; readline=; BLAS=; lapack=; lapack_version=3.12.1]
[2026-05-04 14:15:56] [INFO]    [OmnipathR] Loaded packages: backports 1.5.0(2024-05-23); BiocParallel 1.44.0(2025-10-29); bit 4.6.0(2025-03-06); bit64 4.6.0-1(2025-01-16); blob 1.2.4(2023-03-17); cachem 1.1.0(2024-05-16); callr 3.7.6(2024-03-25); cellranger 1.1.0(2016-07-27); checkmate 2.3.4(2026-02-03); cli 3.6.5(2025-04-23); codetools 0.2-20(2024-03-31); crayon 1.5.3(2024-06-20); crosstalk 1.2.2(2025-08-26); curl 7.0.0(2025-08-19); data.table 1.17.8(2025-07-10); DBI 1.2.3(2024-06-02); decoupleR 2.16.0(2025-10-29); desc 1.4.3(2023-12-10); digest 0.6.39(2025-11-19); dplyr 1.1.4(2023-11-17); evaluate 1.0.5(2025-08-27); farver 2.1.2(2024-05-13); fastmap 1.2.0(2024-05-15); forcats 1.0.1(2025-09-25); fs 1.6.6(2025-04-12); generics 0.1.4(2025-05-09); ggplot2 4.0.1(2025-11-14); ggrepel 0.9.6(2024-09-07); glue 1.8.0(2024-09-30); gtable 0.3.6(2024-10-25); here 1.0.2(2025-09-15); hms 1.1.4(2025-10-17); htmltools 0.5.8.1(2024-04-04); htmlwidgets 1.6.4(2023-12-06); httr 1.4.7(2023-08-15); httr2 1.2.1(2025-07-22); igraph 2.2.1(2025-10-27); jsonlite 2.0.0(2025-03-27); knitr 1.50(2025-03-16); labeling 0.4.3(2023-08-29); later 1.4.4(2025-08-27); lattice 0.22-7(2025-04-02); lazyeval 0.2.2(2019-03-15); lifecycle 1.0.4(2023-11-07); limma 3.66.0(2025-10-29); logger 0.4.1(2025-09-11); lubridate 1.9.4(2024-12-08); magrittr 2.0.4(2025-09-12); Matrix 1.7-4(2025-08-28); memoise 2.0.1(2021-11-26); OmnipathR 3.18.4(2026-01-29); pak 0.9.0(2025-05-27); parallelly 1.45.1(2025-07-24); pillar 1.11.1(2025-09-17); pkgconfig 2.0.3(2019-09-22); plotly 4.11.0(2025-06-19); prettyunits 1.2.0(2023-09-24); processx 3.8.6(2025-02-21); progress 1.2.3(2023-12-06); ps 1.9.1(2025-04-12); purrr 1.2.0(2025-11-04); R.methodsS3 1.8.2(2022-06-13); R.oo 1.27.1(2025-05-02); R.utils 2.13.0(2025-02-24); R6 2.6.1(2025-02-15); ragg 1.5.0(2025-09-02); rappdirs 0.3.3(2021-01-31); RColorBrewer 1.1-3(2022-04-03); Rcpp 1.1.0(2025-07-02); readr 2.1.6(2025-11-14); readxl 1.4.5(2025-03-07); rlang 1.1.6(2025-04-11); rmarkdown 2.30(2025-09-28); rprojroot 2.1.1(2025-08-26); RSQLite 2.4.6(2026-02-06); rstudioapi 0.17.1(2024-10-22); rvest 1.0.5(2025-08-29); S7 0.2.1(2025-11-14); scales 1.4.0(2025-04-24); sessioninfo 1.2.3(2025-02-05); statmod 1.5.1(2025-10-09); stringi 1.8.7(2025-03-27); stringr 1.6.0(2025-11-04); systemfonts 1.3.1(2025-10-01); textshaping 1.0.4(2025-10-10); tibble 3.3.0(2025-06-08); tidyr 1.3.1(2024-01-24); tidyselect 1.2.1(2024-03-11); tidyverse 2.0.0(2023-02-22); timechange 0.3.0(2024-01-18); tzdb 0.5.0(2025-03-15); usethis 3.2.1(2025-09-06); vctrs 0.6.5(2023-12-01); viridisLite 0.4.2(2023-05-02); vroom 1.6.7(2025-11-28); withr 3.0.2(2024-10-28); xfun 0.56(2026-01-18); XML 3.99-0.23(2026-03-20); xml2 1.5.0(2025-11-17); yaml 2.3.11(2025-11-28); zip 2.3.3(2025-05-13)
[2026-05-04 14:15:56] [INFO]    [OmnipathR] CURL: version: 8.14.1; headers: 8.14.1; ssl_version: (OpenSSL/3.5.0) Schannel; libz_version: 1.3; libssh_version: libssh2/1.11.0; libidn_version: NA; host: x86_64-w64-mingw32; protocols: dict, file, ftp, ftps, gopher, gophers, http, https, imap, imaps, ldap, ldaps, mqtt, pop3, pop3s, rtsp, scp, sftp, smb, smbs, smtp, smtps, telnet, tftp, ws, wss; ipv6: TRUE; http2: TRUE; idn: TRUE; url_parser: TRUE
[2026-05-04 14:15:56] [TRACE]   [OmnipathR] Reading JSON from `C:/Users/jns822/AppData/Local/Programs/R/R-4.5.2/library/OmnipathR/db/db_def.json` (encoding: UTF-8).
[2026-05-04 14:15:56] [TRACE]   [OmnipathR] JSON validation successful: TRUE
[2026-05-04 14:15:56] [TRACE]   [OmnipathR] Reading JSON from `C:/Users/jns822/AppData/Local/Programs/R/R-4.5.2/library/OmnipathR/internal/magic_bytes.json` (encoding: UTF-8).
[2026-05-04 14:15:56] [TRACE]   [OmnipathR] JSON validation successful: TRUE
[2026-05-04 14:15:56] [TRACE]   [OmnipathR] Reading JSON from `C:/Users/jns822/AppData/Local/Programs/R/R-4.5.2/library/OmnipathR/internal/urls.json` (encoding: UTF-8).
[2026-05-04 14:15:56] [TRACE]   [OmnipathR] JSON validation successful: TRUE
[2026-05-04 14:15:56] [TRACE]   [OmnipathR] Reading JSON from `C:/Users/jns822/AppData/Local/Programs/R/R-4.5.2/library/OmnipathR/internal/id_types.json` (encoding: UTF-8).
[2026-05-04 14:15:56] [TRACE]   [OmnipathR] JSON validation successful: TRUE
[2026-05-04 14:15:56] [INFO]    [OmnipathR] Loading database `Ensembl and OMA organism names`.
[2026-05-04 14:16:07] [TRACE]   [OmnipathR] Reading JSON from `C:\Users\jns822\AppData\Local\Cache\OmnipathR/cache.json` (encoding: UTF-8).
[2026-05-04 14:16:07] [TRACE]   [OmnipathR] JSON validation successful: TRUE
[2026-05-04 14:16:07] [INFO]    [OmnipathR] Looking up in cache `https://www.ensembl.org/info/about/species.html`: key=7332486db7400730697234bad76ca0c8e4d00799, no version available.
[2026-05-04 14:16:07] [TRACE]   [OmnipathR] Reading JSON from `C:\Users\jns822\AppData\Local\Cache\OmnipathR/cache.json` (encoding: UTF-8).
[2026-05-04 14:16:07] [TRACE]   [OmnipathR] JSON validation successful: TRUE
[2026-05-04 14:16:07] [INFO]    [OmnipathR] Created new version for cache record 7332486db7400730697234bad76ca0c8e4d00799: version 1.
[2026-05-04 14:16:07] [TRACE]   [OmnipathR] Cache file path: C:\Users\jns822\AppData\Local\Cache\OmnipathR/7332486db7400730697234bad76ca0c8e4d00799-1.html
[2026-05-04 14:16:07] [INFO]    [OmnipathR] Retrieving URL: `https://www.ensembl.org/info/about/species.html`
[2026-05-04 14:16:07] [TRACE]   [OmnipathR] Downloading by `httr2` in `download_base`.
[2026-05-04 14:16:09] [TRACE]   [OmnipathR] Attempt 1/3: `https://www.ensembl.org/info/about/species.html`
[2026-05-04 14:16:10] [TRACE]   [OmnipathR] Preparing httr2 request to URL `https://www.ensembl.org/info/about/species.html`.
[2026-05-04 14:16:10] [TRACE]   [OmnipathR] HTTP headers: [User-Agent=Mozilla/5.0 (X11; Linux x86_64; rv:134.0) Gecko/20100101 Firefox/134.0]
[2026-05-04 14:16:10] [TRACE]   [OmnipathR] Curl options: [connecttimeout=10,timeout=300,debugfunction=<function>,verbose=FALSE,tcp_keepalive=TRUE,tcp_keepintvl=10,tcp_keepidle=10,tcp_keepcnt=13,upkeep_interval_ms=30000,ssl_verifypeer=1,ssl_verifyhost=2]
[2026-05-04 14:16:10] [TRACE]   [OmnipathR] HTTP headers: [User-Agent=Mozilla/5.0 (X11; Linux x86_64; rv:134.0) Gecko/20100101 Firefox/134.0]
[2026-05-04 14:16:10] [TRACE]   [OmnipathR] Sending HTTP request.
[2026-05-04 14:16:15] [TRACE]   [OmnipathR] HTTP 200 (OK)
[2026-05-04 14:16:15] [TRACE]   [OmnipathR] HTTP v2 GET: status 200.
[2026-05-04 14:16:15] [TRACE]   [OmnipathR] Downloaded 31.2 Kb in 2.47378s from www.ensembl.org (12.6 Kb/s); Redirect: 0s, DNS look up: 0.019612s, Connection: 0.041628s, Pretransfer: 2.330384s, First byte at: 2.450662s
[2026-05-04 14:16:15] [TRACE]   [OmnipathR] HTTP headers: HTTP/2 200 ; server: Apache; vary: Accept-Encoding; content-type: text/html; charset=utf-8; content-encoding: gzip; content-security-policy: frame-ancestors 'self'; date: Mon, 04 May 2026 12:16:15 GMT; x-nginx-machine: wp-p1m2-34.ebi.ac.uk; set-cookie: redirect_mirror=; path=/; expires=Mon, 01-Jan-2001 00:00:01 GMT; set-cookie: redirect_mirror=no; path=/; expires=Tue, 05 May 2026 12:16:15 GMT; set-cookie: ENSEMBL_HINX_SESSION=44b4f859eaa115160985e27f6a47a80f023fe2bd8ce57c01a556cca2; path=/; expires=Thu, 31-Dec-2037 23:59:59 GMT; HttpOnly; set-cookie: redirect_mirror=; path=/; expires=Mon, 01-Jan-2001 00:00:01 GMT; set-cookie: redirect_mirror=no; path=/; expires=Tue, 05 May 2026 12:16:15 GMT; set-cookie: ENSEMBL_HINX_SESSION=44b4f859eaa115160985e27f6a47a80f023fe2bd8ce57c01a556cca2; path=/; expires=Thu, 31-Dec-2037 23:59:59 GMT; HttpOnly; x-frame-options: SAMEORIGIN; content-length: 31947
[2026-05-04 14:16:15] [TRACE]   [OmnipathR] Response headers: [server=Apache,vary=Accept-Encoding,content-type=text/html; charset=utf-8,content-encoding=gzip,content-security-policy=frame-ancestors 'self',date=Mon, 04 May 2026 12:16:15 GMT,x-nginx-machine=wp-p1m2-34.ebi.ac.uk,set-cookie=redirect_mirror=; path=/; expires=Mon, 01-Jan-2001 00:00:01 GMT,set-cookie=redirect_mirror=no; path=/; expires=Tue, 05 May 2026 12:16:15 GMT,set-cookie=ENSEMBL_HINX_SESSION=44b4f859eaa115160985e27f6a47a80f023fe2bd8ce57c01a556cca2; path=/; expires=Thu, 31-Dec-2037 23:59:59 GMT; HttpOnly,set-cookie=redirect_mirror=; path=/; expires=Mon, 01-Jan-2001 00:00:01 GMT,set-cookie=redirect_mirror=no; path=/; expires=Tue, 05 May 2026 12:16:15 GMT,set-cookie=ENSEMBL_HINX_SESSION=44b4f859eaa115160985e27f6a47a80f023fe2bd8ce57c01a556cca2; path=/; expires=Thu, 31-Dec-2037 23:59:59 GMT; HttpOnly,x-frame-options=SAMEORIGIN,content-length=31947]
[2026-05-04 14:16:16] [INFO]    [OmnipathR] Download ready [key=7332486db7400730697234bad76ca0c8e4d00799, version=1]
[2026-05-04 14:16:16] [TRACE]   [OmnipathR] Reading JSON from `C:\Users\jns822\AppData\Local\Cache\OmnipathR/cache.json` (encoding: UTF-8).
[2026-05-04 14:16:16] [TRACE]   [OmnipathR] JSON validation successful: TRUE
[2026-05-04 14:16:16] [INFO]    [OmnipathR] Cache item `7332486db7400730697234bad76ca0c8e4d00799` version 1: status changed from `unknown` to `ready`.
[2026-05-04 14:16:27] [TRACE]   [OmnipathR] Downloading by `generic_downloader`.
[2026-05-04 14:16:27] [TRACE]   [OmnipathR] Looking up in cache: `https://omabrowser.org/All/oma-species.txt`.
[2026-05-04 14:16:27] [INFO]    [OmnipathR] Cache record does not exist: `https://omabrowser.org/All/oma-species.txt`
[2026-05-04 14:16:27] [TRACE]   [OmnipathR] Could not find in cache, initiating download: `https://omabrowser.org/All/oma-species.txt`.
[2026-05-04 14:16:27] [TRACE]   [OmnipathR] Reading JSON from `C:\Users\jns822\AppData\Local\Cache\OmnipathR/cache.json` (encoding: UTF-8).
[2026-05-04 14:16:27] [TRACE]   [OmnipathR] JSON validation successful: TRUE
[2026-05-04 14:16:27] [TRACE]   [OmnipathR] Reading JSON from `C:\Users\jns822\AppData\Local\Cache\OmnipathR/cache.json` (encoding: UTF-8).
[2026-05-04 14:16:27] [TRACE]   [OmnipathR] JSON validation successful: TRUE
[2026-05-04 14:16:27] [INFO]    [OmnipathR] Cache item `30e690cbb55dfc63b5903ab337f34ffc2f4be397` version 1: status changed from `unknown` to `started`.
[2026-05-04 14:16:36] [TRACE]   [OmnipathR] Exporting object to RDS: `C:\Users\jns822\AppData\Local\Cache\OmnipathR/30e690cbb55dfc63b5903ab337f34ffc2f4be397-1.rds`.
[2026-05-04 14:16:36] [INFO]    [OmnipathR] Retrieving URL: `https://omabrowser.org/All/oma-species.txt`
[2026-05-04 14:16:36] [TRACE]   [OmnipathR] Attempt 1/3: `https://omabrowser.org/All/oma-species.txt`
[2026-05-04 14:16:36] [TRACE]   [OmnipathR] HTTP request by `omnipath_curl`.
[2026-05-04 14:16:36] [TRACE]   [OmnipathR] Curl options: [connecttimeout=10,timeout=300,debugfunction=<function>,verbose=FALSE,tcp_keepalive=TRUE,tcp_keepintvl=10,tcp_keepidle=10,tcp_keepcnt=13,upkeep_interval_ms=30000,ssl_verifypeer=1,ssl_verifyhost=2]
[2026-05-04 14:16:39] [TRACE]   [OmnipathR] HTTP v2 GET: status 200.
[2026-05-04 14:16:39] [TRACE]   [OmnipathR] Downloaded 31.2 Kb in 3.268962s from omabrowser.org (9.5 Kb/s); Redirect: 0s, DNS look up: 0.606695s, Connection: 0.611287s, Pretransfer: 0.638307s, First byte at: 3.267328s
[2026-05-04 14:16:39] [TRACE]   [OmnipathR] HTTP headers: HTTP/2 200 ; date: Mon, 04 May 2026 12:16:37 GMT; content-type: text/plain; charset=UTF-8; server: cloudflare; strict-transport-security: max-age=31536000; includeSubDomains; last-modified: Wed, 20 Nov 2024 10:20:02 GMT; etag: W/"673db7d2-6517f"; access-control-allow-origin: *; content-encoding: gzip; cf-cache-status: DYNAMIC; vary: accept-encoding; nel: {"report_to":"cf-nel","success_fraction":0.0,"max_age":604800}; report-to: {"group":"cf-nel","max_age":604800,"endpoints":[{"url":"https://a.nel.cloudflare.com/report/v4?s=D0OUZGQUq0IA1WqzCh%2Bgshvly%2FRvz4ubQq6CwMaZiDaRTYR%2FSIQhldigLBLWDhJV1mrxd6Bz%2B%2FIYDqNrz0dixeV4dscvWsgDKo0%2B1by4IhWaleuj%2F7rUdZQAu4au%2Bt8VVQ%3D%3D"}]}; cf-ray: 9f6770086b75c6e0-CPH; alt-svc: h3=":443"; ma=86400
[2026-05-04 14:16:43] [TRACE]   [OmnipathR] Exported RDS to `C:\Users\jns822\AppData\Local\Cache\OmnipathR/30e690cbb55dfc63b5903ab337f34ffc2f4be397-1.rds`.
[2026-05-04 14:16:43] [INFO]    [OmnipathR] Download ready [key=30e690cbb55dfc63b5903ab337f34ffc2f4be397, version=1]
[2026-05-04 14:16:43] [TRACE]   [OmnipathR] Reading JSON from `C:\Users\jns822\AppData\Local\Cache\OmnipathR/cache.json` (encoding: UTF-8).
[2026-05-04 14:16:43] [TRACE]   [OmnipathR] JSON validation successful: TRUE
[2026-05-04 14:16:43] [INFO]    [OmnipathR] Cache item `30e690cbb55dfc63b5903ab337f34ffc2f4be397` version 1: status changed from `started` to `ready`.
[2026-05-04 14:16:43] [TRACE]   [OmnipathR] Downloading by `generic_downloader`.
[2026-05-04 14:16:43] [TRACE]   [OmnipathR] Looking up in cache: `https://ftp.expasy.org/databases/uniprot/current_release/knowledgebase/complete/docs/speclist.txt`.
[2026-05-04 14:16:43] [INFO]    [OmnipathR] Cache record does not exist: `https://ftp.expasy.org/databases/uniprot/current_release/knowledgebase/complete/docs/speclist.txt`
[2026-05-04 14:16:43] [TRACE]   [OmnipathR] Could not find in cache, initiating download: `https://ftp.expasy.org/databases/uniprot/current_release/knowledgebase/complete/docs/speclist.txt`.
[2026-05-04 14:16:43] [TRACE]   [OmnipathR] Reading JSON from `C:\Users\jns822\AppData\Local\Cache\OmnipathR/cache.json` (encoding: UTF-8).
[2026-05-04 14:16:45] [TRACE]   [OmnipathR] JSON validation successful: TRUE
[2026-05-04 14:16:47] [TRACE]   [OmnipathR] Reading JSON from `C:\Users\jns822\AppData\Local\Cache\OmnipathR/cache.json` (encoding: UTF-8).
[2026-05-04 14:16:47] [TRACE]   [OmnipathR] JSON validation successful: TRUE
[2026-05-04 14:16:47] [INFO]    [OmnipathR] Cache item `56ad6544dc07a2222fa6013d8d83e6e5a35fdf33` version 1: status changed from `unknown` to `started`.
[2026-05-04 14:16:47] [TRACE]   [OmnipathR] Exporting object to RDS: `C:\Users\jns822\AppData\Local\Cache\OmnipathR/56ad6544dc07a2222fa6013d8d83e6e5a35fdf33-1.rds`.
[2026-05-04 14:16:47] [INFO]    [OmnipathR] Retrieving URL: `https://ftp.expasy.org/databases/uniprot/current_release/knowledgebase/complete/docs/speclist.txt`
[2026-05-04 14:16:47] [TRACE]   [OmnipathR] Attempt 1/3: `https://ftp.expasy.org/databases/uniprot/current_release/knowledgebase/complete/docs/speclist.txt`
[2026-05-04 14:17:31] [TRACE]   [OmnipathR] Exported RDS to `C:\Users\jns822\AppData\Local\Cache\OmnipathR/56ad6544dc07a2222fa6013d8d83e6e5a35fdf33-1.rds`.
[2026-05-04 14:17:31] [INFO]    [OmnipathR] Download ready [key=56ad6544dc07a2222fa6013d8d83e6e5a35fdf33, version=1]
[2026-05-04 14:17:31] [TRACE]   [OmnipathR] Reading JSON from `C:\Users\jns822\AppData\Local\Cache\OmnipathR/cache.json` (encoding: UTF-8).
[2026-05-04 14:17:31] [TRACE]   [OmnipathR] JSON validation successful: TRUE
[2026-05-04 14:17:31] [INFO]    [OmnipathR] Cache item `56ad6544dc07a2222fa6013d8d83e6e5a35fdf33` version 1: status changed from `started` to `ready`.
[2026-05-04 14:17:31] [INFO]    [OmnipathR] Loaded database `Ensembl and OMA organism names`.
[2026-05-04 14:17:33] [TRACE]   [OmnipathR] Processing args for OmniPath query
[2026-05-04 14:17:35] [TRACE]   [OmnipathR] Arguments for OmniPath query: [loops=TRUE,organisms=9606,genesymbols=TRUE,query_type=interactions,datasets=collectri]
[2026-05-04 14:17:35] [TRACE]   [OmnipathR] Organism(s): 9606
[2026-05-04 14:17:35] [TRACE]   [OmnipathR] Orthology targets: 
[2026-05-04 14:17:35] [TRACE]   [OmnipathR] Looking up in cache: `https://omnipathdb.org/interactions?genesymbols=yes&datasets=collectri&organisms=9606&fields=sources,references,curation_effort&loops=yes&license=academic`
[2026-05-04 14:17:35] [INFO]    [OmnipathR] Cache record does not exist: `https://omnipathdb.org/interactions?genesymbols=yes&datasets=collectri&organisms=9606&fields=sources,references,curation_effort&loops=yes&license=academic`
[2026-05-04 14:17:35] [TRACE]   [OmnipathR] Looking up in cache: `http://no-tls.omnipathdb.org/interactions?genesymbols=yes&datasets=collectri&organisms=9606&fields=sources,references,curation_effort&loops=yes&license=academic`
[2026-05-04 14:17:35] [INFO]    [OmnipathR] Cache record does not exist: `http://no-tls.omnipathdb.org/interactions?genesymbols=yes&datasets=collectri&organisms=9606&fields=sources,references,curation_effort&loops=yes&license=academic`
[2026-05-04 14:17:35] [TRACE]   [OmnipathR] Attempting `https://omnipathdb.org/interactions?genesymbols=yes&datasets=collectri&organisms=9606&fields=sources,references,curation_effort&loops=yes&license=academic`
[2026-05-04 14:17:35] [INFO]    [OmnipathR] Retrieving URL: `https://omnipathdb.org/interactions?genesymbols=yes&datasets=collectri&organisms=9606&fields=sources,references,curation_effort&loops=yes&license=academic`
[2026-05-04 14:17:35] [TRACE]   [OmnipathR] Attempt 1/3: `https://omnipathdb.org/interactions?genesymbols=yes&datasets=collectri&organisms=9606&fields=sources,references,curation_effort&loops=yes&license=academic`
[2026-05-04 14:17:35] [TRACE]   [OmnipathR] HTTP request by `omnipath_curl`.
[2026-05-04 14:17:35] [TRACE]   [OmnipathR] Curl options: [connecttimeout=10,timeout=300,debugfunction=<function>,verbose=FALSE,tcp_keepalive=TRUE,tcp_keepintvl=10,tcp_keepidle=10,tcp_keepcnt=13,upkeep_interval_ms=30000,ssl_verifypeer=1,ssl_verifyhost=2]
[2026-05-04 14:17:57] [TRACE]   [OmnipathR] HTTP vNA GET: status 0.
[2026-05-04 14:18:05] [TRACE]   [OmnipathR] Downloaded 0 bytes in 10.955794s from omnipathdb.org (0 bytes/s); Redirect: 0s, DNS look up: 5.640781s, Connection: 0s, Pretransfer: 0s, First byte at: 0s
[2026-05-04 14:18:05] [TRACE]   [OmnipathR] HTTP headers: 
[2026-05-04 14:18:05] [WARN]    [OmnipathR] HTTP request failed with error: Failed to open 'https://omnipathdb.org/interactions?genesymbols=yes&datasets=collectri&organisms=9606&fields=sources,references,curation_effort&loops=yes&license=academic': Connection timed out after 10956 milliseconds
[2026-05-04 14:18:05] [WARN]    [OmnipathR] Failed to download `https://omnipathdb.org/interactions?genesymbols=yes&datasets=collectri&organisms=9606&fields=sources,references,curation_effort&loops=yes&license=academic` (attempt 1/3); error: Failed to open 'https://omnipathdb.org/interactions?genesymbols=yes&datasets=collectri&organisms=9606&fields=sources,references,curation_effort&loops=yes&license=academic': Connection timed out after 10956 milliseconds
[2026-05-04 14:18:14] [TRACE]   [OmnipathR] Attempt 2/3: `https://omnipathdb.org/interactions?genesymbols=yes&datasets=collectri&organisms=9606&fields=sources,references,curation_effort&loops=yes&license=academic`
[2026-05-04 14:18:14] [TRACE]   [OmnipathR] HTTP request by `omnipath_curl`.
[2026-05-04 14:18:14] [TRACE]   [OmnipathR] Curl options: [connecttimeout=10,timeout=300,debugfunction=<function>,verbose=FALSE,tcp_keepalive=TRUE,tcp_keepintvl=10,tcp_keepidle=10,tcp_keepcnt=13,upkeep_interval_ms=30000,ssl_verifypeer=1,ssl_verifyhost=2]
[2026-05-04 14:18:14] [TRACE]   [OmnipathR] HTTP v1 GET: status 200.
[2026-05-04 14:18:14] [TRACE]   [OmnipathR] Downloaded 31.7 Kb in 0.127155s from omnipathdb.org (249.2 Kb/s); Redirect: 0s, DNS look up: 0.018442s, Connection: 0.041722s, Pretransfer: 0.075517s, First byte at: 0.12428s
[2026-05-04 14:18:14] [TRACE]   [OmnipathR] HTTP headers: HTTP/1.1 200 OK; Server: nginx; Date: Mon, 04 May 2026 12:18:14 GMT; Content-Type: text/plain; charset=utf-8; Transfer-Encoding: chunked; Connection: keep-alive; Expires: Mon, 04 May 2026 13:18:14 GMT; Cache-Control: max-age=3600; X-Frame-Options: DENY; X-Cache-Status: HIT; Content-Encoding: gzip
[2026-05-04 14:18:22] [INFO]    [OmnipathR] Successfully retrieved: `https://omnipathdb.org/interactions?genesymbols=yes&datasets=collectri&organisms=9606&fields=sources,references,curation_effort&loops=yes&license=academic`
[2026-05-04 14:18:22] [TRACE]   [OmnipathR] Reading JSON from `C:\Users\jns822\AppData\Local\Cache\OmnipathR/cache.json` (encoding: UTF-8).
[2026-05-04 14:18:22] [TRACE]   [OmnipathR] JSON validation successful: TRUE
[2026-05-04 14:18:22] [TRACE]   [OmnipathR] Reading JSON from `C:\Users\jns822\AppData\Local\Cache\OmnipathR/cache.json` (encoding: UTF-8).
[2026-05-04 14:18:22] [TRACE]   [OmnipathR] JSON validation successful: TRUE
[2026-05-04 14:18:22] [INFO]    [OmnipathR] Cache item `b10176737ba43d460b13709623189f3911123779` version 1: status changed from `unknown` to `started`.
[2026-05-04 14:18:22] [TRACE]   [OmnipathR] Exporting object to RDS: `C:\Users\jns822\AppData\Local\Cache\OmnipathR/b10176737ba43d460b13709623189f3911123779-1.rds`.
[2026-05-04 14:18:23] [TRACE]   [OmnipathR] Exported RDS to `C:\Users\jns822\AppData\Local\Cache\OmnipathR/b10176737ba43d460b13709623189f3911123779-1.rds`.
[2026-05-04 14:18:23] [INFO]    [OmnipathR] Download ready [key=b10176737ba43d460b13709623189f3911123779, version=1]
[2026-05-04 14:18:23] [TRACE]   [OmnipathR] Reading JSON from `C:\Users\jns822\AppData\Local\Cache\OmnipathR/cache.json` (encoding: UTF-8).
[2026-05-04 14:18:23] [TRACE]   [OmnipathR] JSON validation successful: TRUE
[2026-05-04 14:18:23] [INFO]    [OmnipathR] Cache item `b10176737ba43d460b13709623189f3911123779` version 1: status changed from `started` to `ready`.
[2026-05-04 14:18:29] [SUCCESS] [OmnipathR] Downloaded 64979 interactions.
[2026-05-04 14:18:29] [TRACE]   [OmnipathR] Processing args for OmniPath query
[2026-05-04 14:18:29] [TRACE]   [OmnipathR] Arguments for OmniPath query: [genesymbols=TRUE,resources=CollecTRI,strict_evidences=TRUE,query_type=interactions,datasets=tf_mirna]
[2026-05-04 14:18:33] [TRACE]   [OmnipathR] Organism(s): 9606
[2026-05-04 14:18:37] [TRACE]   [OmnipathR] Orthology targets: 
[2026-05-04 14:18:37] [TRACE]   [OmnipathR] Reading JSON from `https://omnipathdb.org/resources` (encoding: UTF-8).
[2026-05-04 14:18:38] [TRACE]   [OmnipathR] JSON validation successful: TRUE
[2026-05-04 14:18:38] [TRACE]   [OmnipathR] Looking up in cache: `https://omnipathdb.org/interactions?genesymbols=yes&resources=CollecTRI&datasets=tf_mirna&organisms=9606&fields=evidences,sources,references,curation_effort&license=academic`
[2026-05-04 14:18:38] [INFO]    [OmnipathR] Cache record does not exist: `https://omnipathdb.org/interactions?genesymbols=yes&resources=CollecTRI&datasets=tf_mirna&organisms=9606&fields=evidences,sources,references,curation_effort&license=academic`
[2026-05-04 14:18:38] [TRACE]   [OmnipathR] Looking up in cache: `http://no-tls.omnipathdb.org/interactions?genesymbols=yes&resources=CollecTRI&datasets=tf_mirna&organisms=9606&fields=evidences,sources,references,curation_effort&license=academic`
[2026-05-04 14:18:38] [INFO]    [OmnipathR] Cache record does not exist: `http://no-tls.omnipathdb.org/interactions?genesymbols=yes&resources=CollecTRI&datasets=tf_mirna&organisms=9606&fields=evidences,sources,references,curation_effort&license=academic`
[2026-05-04 14:18:38] [TRACE]   [OmnipathR] Attempting `https://omnipathdb.org/interactions?genesymbols=yes&resources=CollecTRI&datasets=tf_mirna&organisms=9606&fields=evidences,sources,references,curation_effort&license=academic`
[2026-05-04 14:18:38] [INFO]    [OmnipathR] Retrieving URL: `https://omnipathdb.org/interactions?genesymbols=yes&resources=CollecTRI&datasets=tf_mirna&organisms=9606&fields=evidences,sources,references,curation_effort&license=academic`
[2026-05-04 14:18:38] [TRACE]   [OmnipathR] Attempt 1/3: `https://omnipathdb.org/interactions?genesymbols=yes&resources=CollecTRI&datasets=tf_mirna&organisms=9606&fields=evidences,sources,references,curation_effort&license=academic`
[2026-05-04 14:18:38] [TRACE]   [OmnipathR] HTTP request by `omnipath_curl`.
[2026-05-04 14:18:38] [TRACE]   [OmnipathR] Curl options: [connecttimeout=10,timeout=300,debugfunction=<function>,verbose=FALSE,tcp_keepalive=TRUE,tcp_keepintvl=10,tcp_keepidle=10,tcp_keepcnt=13,upkeep_interval_ms=30000,ssl_verifypeer=1,ssl_verifyhost=2]
[2026-05-04 14:18:40] [TRACE]   [OmnipathR] HTTP v1 GET: status 200.
[2026-05-04 14:18:40] [TRACE]   [OmnipathR] Downloaded 6.7 Kb in 2.374951s from omnipathdb.org (2.8 Kb/s); Redirect: 0s, DNS look up: 0.003886s, Connection: 2.002815s, Pretransfer: 2.35067s, First byte at: 2.374193s
[2026-05-04 14:18:40] [TRACE]   [OmnipathR] HTTP headers: HTTP/1.1 200 OK; Server: nginx; Date: Mon, 04 May 2026 12:18:40 GMT; Content-Type: text/plain; charset=utf-8; Transfer-Encoding: chunked; Connection: keep-alive; Expires: Mon, 04 May 2026 13:18:40 GMT; Cache-Control: max-age=3600; X-Frame-Options: DENY; X-Cache-Status: HIT; Content-Encoding: gzip
[2026-05-04 14:18:43] [INFO]    [OmnipathR] Successfully retrieved: `https://omnipathdb.org/interactions?genesymbols=yes&resources=CollecTRI&datasets=tf_mirna&organisms=9606&fields=evidences,sources,references,curation_effort&license=academic`
[2026-05-04 14:18:43] [TRACE]   [OmnipathR] Reading JSON from `C:\Users\jns822\AppData\Local\Cache\OmnipathR/cache.json` (encoding: UTF-8).
[2026-05-04 14:18:44] [TRACE]   [OmnipathR] JSON validation successful: TRUE
[2026-05-04 14:18:44] [TRACE]   [OmnipathR] Reading JSON from `C:\Users\jns822\AppData\Local\Cache\OmnipathR/cache.json` (encoding: UTF-8).
[2026-05-04 14:18:44] [TRACE]   [OmnipathR] JSON validation successful: TRUE
[2026-05-04 14:18:44] [INFO]    [OmnipathR] Cache item `f7d34500401ba98803b7d2b26c48f64cee1eea1b` version 1: status changed from `unknown` to `started`.
[2026-05-04 14:18:44] [TRACE]   [OmnipathR] Exporting object to RDS: `C:\Users\jns822\AppData\Local\Cache\OmnipathR/f7d34500401ba98803b7d2b26c48f64cee1eea1b-1.rds`.
[2026-05-04 14:18:46] [TRACE]   [OmnipathR] Exported RDS to `C:\Users\jns822\AppData\Local\Cache\OmnipathR/f7d34500401ba98803b7d2b26c48f64cee1eea1b-1.rds`.
[2026-05-04 14:18:46] [INFO]    [OmnipathR] Download ready [key=f7d34500401ba98803b7d2b26c48f64cee1eea1b, version=1]
[2026-05-04 14:18:46] [TRACE]   [OmnipathR] Reading JSON from `C:\Users\jns822\AppData\Local\Cache\OmnipathR/cache.json` (encoding: UTF-8).
[2026-05-04 14:18:46] [TRACE]   [OmnipathR] JSON validation successful: TRUE
[2026-05-04 14:18:46] [INFO]    [OmnipathR] Cache item `f7d34500401ba98803b7d2b26c48f64cee1eea1b` version 1: status changed from `started` to `ready`.
[2026-05-04 14:18:46] [TRACE]   [OmnipathR] Converting JSON column `evidences` to list.
[2026-05-04 14:18:46] [TRACE]   [OmnipathR] Restricting interaction records to datasets: tf_mirna; and resources: CollecTRI
[2026-05-04 14:18:46] [TRACE]   [OmnipathR] Filtering evidence columns: positive, negative, directed, undirected; to datasets: tf_mirna; and resources: CollecTRI; excluding resources: none
[2026-05-04 14:18:51] [SUCCESS] [OmnipathR] Downloaded 207 interactions.
